[2024-08-25T15:19:57.719-0300] {manager.py:487} INFO - Processing files using up to 2 processes at a time 
[2024-08-25T15:19:57.719-0300] {manager.py:488} INFO - Process each file at most once every 20 seconds
[2024-08-25T15:19:57.719-0300] {manager.py:490} INFO - Checking for new files in /opt/airflow/dags every 20 seconds
[2024-08-25T15:19:57.720-0300] {manager.py:758} INFO - Searching for files in /opt/airflow/dags
[2024-08-25T15:19:57.720-0300] {manager.py:761} INFO - There are 0 files in /opt/airflow/dags
[2024-08-25T15:20:17.801-0300] {manager.py:758} INFO - Searching for files in /opt/airflow/dags
[2024-08-25T15:20:17.801-0300] {manager.py:761} INFO - There are 0 files in /opt/airflow/dags
[2024-08-25T15:20:37.877-0300] {manager.py:758} INFO - Searching for files in /opt/airflow/dags
[2024-08-25T15:20:37.877-0300] {manager.py:761} INFO - There are 0 files in /opt/airflow/dags
[2024-08-25T15:20:57.946-0300] {manager.py:758} INFO - Searching for files in /opt/airflow/dags
[2024-08-25T15:20:57.946-0300] {manager.py:761} INFO - There are 0 files in /opt/airflow/dags
[2024-08-25T15:21:18.015-0300] {manager.py:758} INFO - Searching for files in /opt/airflow/dags
[2024-08-25T15:21:18.016-0300] {manager.py:761} INFO - There are 0 files in /opt/airflow/dags
[2024-08-25T15:21:38.085-0300] {manager.py:758} INFO - Searching for files in /opt/airflow/dags
[2024-08-25T15:21:38.086-0300] {manager.py:761} INFO - There are 0 files in /opt/airflow/dags
[2024-08-25T15:21:58.167-0300] {manager.py:758} INFO - Searching for files in /opt/airflow/dags
[2024-08-25T15:21:58.167-0300] {manager.py:761} INFO - There are 0 files in /opt/airflow/dags
[2024-08-25T15:22:18.239-0300] {manager.py:758} INFO - Searching for files in /opt/airflow/dags
[2024-08-25T15:22:18.239-0300] {manager.py:761} INFO - There are 0 files in /opt/airflow/dags
[2024-08-25T15:22:38.312-0300] {manager.py:758} INFO - Searching for files in /opt/airflow/dags
[2024-08-25T15:22:38.313-0300] {manager.py:761} INFO - There are 0 files in /opt/airflow/dags
[2024-08-25T15:22:58.391-0300] {manager.py:758} INFO - Searching for files in /opt/airflow/dags
[2024-08-25T15:22:58.391-0300] {manager.py:761} INFO - There are 0 files in /opt/airflow/dags
[2024-08-25T15:23:18.462-0300] {manager.py:758} INFO - Searching for files in /opt/airflow/dags
[2024-08-25T15:23:18.463-0300] {manager.py:761} INFO - There are 0 files in /opt/airflow/dags
[2024-08-25T15:23:38.532-0300] {manager.py:758} INFO - Searching for files in /opt/airflow/dags
[2024-08-25T15:23:38.533-0300] {manager.py:761} INFO - There are 0 files in /opt/airflow/dags
[2024-08-25T15:23:58.610-0300] {manager.py:758} INFO - Searching for files in /opt/airflow/dags
[2024-08-25T15:23:58.611-0300] {manager.py:761} INFO - There are 0 files in /opt/airflow/dags
[2024-08-25T15:24:18.682-0300] {manager.py:758} INFO - Searching for files in /opt/airflow/dags
[2024-08-25T15:24:18.682-0300] {manager.py:761} INFO - There are 0 files in /opt/airflow/dags
[2024-08-25T15:24:38.752-0300] {manager.py:758} INFO - Searching for files in /opt/airflow/dags
[2024-08-25T15:24:38.752-0300] {manager.py:761} INFO - There are 0 files in /opt/airflow/dags
[2024-08-25T15:24:58.828-0300] {manager.py:758} INFO - Searching for files in /opt/airflow/dags
[2024-08-25T15:24:58.828-0300] {manager.py:761} INFO - There are 0 files in /opt/airflow/dags
[2024-08-25T15:25:18.898-0300] {manager.py:758} INFO - Searching for files in /opt/airflow/dags
[2024-08-25T15:25:18.899-0300] {manager.py:761} INFO - There are 0 files in /opt/airflow/dags
